2026-02-21T05:12:05.740Z INFO Is remote: false
2026-02-21T05:12:05.741Z INFO Starting Local. Installation path: c:\Users\talla\OneDrive\Desktop\erri puka(16)
2026-02-21T05:12:05.742Z INFO [MainProvider] Creating new MainProvider instance...
2026-02-21T05:12:05.743Z INFO [TabsManager] Code view listener set up at initialization
2026-02-21T05:12:05.744Z INFO Installation path exists: c:\Users\talla\OneDrive\Desktop\erri puka(16)
2026-02-21T05:12:05.745Z INFO Initializing database with URL: file:c:\Users\talla\OneDrive\Desktop\erri puka(16)\pythagora-core\data\database\pythagora.db
2026-02-21T05:12:05.749Z INFO New database detected, running full prisma setup...
2026-02-21T05:12:05.750Z INFO [c:\Users\talla\.vscode\extensions\pythagoratechnologies.pythagora-vs-code-2.6.19] Project root:
2026-02-21T05:12:05.751Z INFO [c:\Users\talla\.vscode\extensions\pythagoratechnologies.pythagora-vs-code-2.6.19\prisma\schema.prisma] Schema path:
2026-02-21T05:12:05.751Z INFO [file:c:\Users\talla\OneDrive\Desktop\erri puka(16)\pythagora-core\data\database\pythagora.db] Database URL:
2026-02-21T05:12:05.752Z INFO [true] Schema exists:
2026-02-21T05:12:05.753Z INFO Running prisma generate first...
2026-02-21T05:12:08.292Z INFO [Prisma schema loaded from prisma\schema.prisma

✔ Generated Prisma Client (6.19.1) to .\src\generated\prisma in 224ms

] Prisma generate result:
2026-02-21T05:12:08.293Z INFO Running prisma db push to sync schema...
2026-02-21T05:12:12.868Z INFO [Prisma schema loaded from prisma\schema.prisma
Datasource "db": SQLite database "pythagora.db" at "file:c:\Users\talla\OneDrive\Desktop\erri puka(16)\pythagora-core\data\database\pythagora.db"

SQLite database pythagora.db created at file:c:\Users\talla\OneDrive\Desktop\erri puka(16)\pythagora-core\data\database\pythagora.db

Your database is now in sync with your Prisma schema. Done in 113ms

Running generate... (Use --skip-generate to skip the generators)
[2K[1A[2K[GRunning generate... - Prisma Client
[2K[1A[2K[G✔ Generated Prisma Client (6.19.1) to .\src\generated\prisma in 216ms

] Prisma db push result:
2026-02-21T05:12:13.246Z INFO Database initialized successfully
2026-02-21T05:12:13.247Z INFO [Migration] Checking for database migration...
2026-02-21T05:12:13.579Z INFO [Migration] No migration needed
2026-02-21T05:12:13.720Z INFO Starting right sidebar creation...
2026-02-21T05:12:13.721Z INFO Initializing MainProvider...
2026-02-21T05:12:13.722Z INFO Updating user profile...
2026-02-21T05:12:13.723Z INFO No access token found when trying to fetch user profile
2026-02-21T05:12:13.724Z INFO Creating right panel...
2026-02-21T05:12:13.725Z INFO Creating right panel...
2026-02-21T05:12:13.726Z INFO Closing all existing tabs...
2026-02-21T05:12:13.793Z INFO Right panel webview created
2026-02-21T05:12:13.795Z INFO Right panel HTML set successfully
2026-02-21T05:12:13.796Z INFO Right panel setup completed
2026-02-21T05:12:13.796Z INFO Setting up right panel dependencies...
2026-02-21T05:12:13.817Z INFO Right panel dependencies setup complete, waiting for ready signal...
2026-02-21T05:12:14.724Z INFO [Message Router] Routing rightPanelReady through unified router
2026-02-21T05:12:14.725Z INFO [Message Router] Routing rightBarRendered through unified router
2026-02-21T05:12:14.726Z INFO Right panel setup completed successfully
2026-02-21T05:12:14.728Z INFO Right panel created via MainProvider
2026-02-21T05:12:14.729Z INFO Storing initial prompt...
2026-02-21T05:12:14.730Z INFO Tracing first panel open...
2026-02-21T05:12:16.057Z INFO Right sidebar setup completed successfully
2026-02-21T05:12:16.068Z INFO Right sidebar already exists or is being created
2026-02-21T05:12:24.525Z INFO Right panel disposed, triggering cleanup...
2026-02-21T05:12:24.526Z INFO Right panel disposed, cleaning up...
2026-02-21T05:12:24.526Z INFO [Message Router] Routing coreExited through unified router
2026-02-21T05:12:24.527Z INFO Closing entire Pythagora extension...
2026-02-21T05:12:24.544Z INFO Pythagora extension closed
2026-02-21T05:12:30.335Z INFO Closing entire Pythagora extension...
2026-02-21T05:12:30.344Z ERROR Error closing extension
Error: Canceled
Stack: Canceled: Canceled
	at new rU (file:///c:/Users/talla/AppData/Local/Programs/Microsoft%20VS%20Code/c3a26841a8/resources/app/out/vs/workbench/api/node/extensionHostProcess.js:29:120928)
	at LE.U (file:///c:/Users/talla/AppData/Local/Programs/Microsoft%20VS%20Code/c3a26841a8/resources/app/out/vs/workbench/api/node/extensionHostProcess.js:29:125538)
	at r.<computed>.n.charCodeAt.r.<computed> (file:///c:/Users/talla/AppData/Local/Programs/Microsoft%20VS%20Code/c3a26841a8/resources/app/out/vs/workbench/api/node/extensionHostProcess.js:29:123032)
	at CA.g (file:///c:/Users/talla/AppData/Local/Programs/Microsoft%20VS%20Code/c3a26841a8/resources/app/out/vs/workbench/api/node/extensionHostProcess.js:116:41231)
	at CA.executeCommand (file:///c:/Users/talla/AppData/Local/Programs/Microsoft%20VS%20Code/c3a26841a8/resources/app/out/vs/workbench/api/node/extensionHostProcess.js:116:40735)
	at Object.executeCommand (file:///c:/Users/talla/AppData/Local/Programs/Microsoft%20VS%20Code/c3a26841a8/resources/app/out/vs/workbench/api/node/extensionHostProcess.js:213:104946)
	at closeEntirePythagoraExtension (c:\Users\talla\.vscode\extensions\pythagoratechnologies.pythagora-vs-code-2.6.19\out\extension.js:542:31)
	at Object.deactivate (c:\Users\talla\.vscode\extensions\pythagoratechnologies.pythagora-vs-code-2.6.19\out\extension.js:409:15)
	at pee.eb (file:///c:/Users/talla/AppData/Local/Programs/Microsoft%20VS%20Code/c3a26841a8/resources/app/out/vs/workbench/api/node/extensionHostProcess.js:120:11880)
	at file:///c:/Users/talla/AppData/Local/Programs/Microsoft%20VS%20Code/c3a26841a8/resources/app/out/vs/workbench/api/node/extensionHostProcess.js:120:10030
	at Array.map (<anonymous>)
	at pee.$ (file:///c:/Users/talla/AppData/Local/Programs/Microsoft%20VS%20Code/c3a26841a8/resources/app/out/vs/workbench/api/node/extensionHostProcess.js:120:10018)
	at pee.terminate (file:///c:/Users/talla/AppData/Local/Programs/Microsoft%20VS%20Code/c3a26841a8/resources/app/out/vs/workbench/api/node/extensionHostProcess.js:120:10261)
	at nR.terminate (file:///c:/Users/talla/AppData/Local/Programs/Microsoft%20VS%20Code/c3a26841a8/resources/app/out/vs/workbench/api/node/extensionHostProcess.js:122:914)
	at zr (file:///c:/Users/talla/AppData/Local/Programs/Microsoft%20VS%20Code/c3a26841a8/resources/app/out/vs/workbench/api/node/extensionHostProcess.js:405:11144)
	at MessagePortMain.<anonymous> (file:///c:/Users/talla/AppData/Local/Programs/Microsoft%20VS%20Code/c3a26841a8/resources/app/out/vs/workbench/api/node/extensionHostProcess.js:405:7611)
	at MessagePortMain.emit (node:events:519:28)
	at MessagePortMain._internalPort.emit (node:electron/js2c/utility_init:2:2959)
Extra context: {
  "message": "Canceled"
}
